[15:37:34] [main/INFO]: Environment: authHost='https://authserver.mojang.com', accountsHost='https://api.mojang.com', sessionHost='https://sessionserver.mojang.com', servicesHost='https://api.minecraftservices.com', name='PROD'
[15:37:34] [main/INFO]: Reloading ResourceManager: Default, bukkit
[15:37:35] [Worker-Main-14/INFO]: Loaded 7 recipes
[15:37:37] [Server thread/INFO]: Starting minecraft server version 1.16.5
[15:37:37] [Server thread/INFO]: Loading properties
[15:37:37] [Server thread/INFO]: This server is running CraftBukkit version 2991-Spigot-018b9a0-f3f3094 (MC: 1.16.5) (Implementing API version 1.16.5-R0.1-SNAPSHOT)
[15:37:37] [Server thread/INFO]: Debug logging is disabled
[15:37:37] [Server thread/INFO]: Server Ping Player Sample Count: 12
[15:37:37] [Server thread/INFO]: Using 4 threads for Netty based IO
[15:37:37] [Server thread/INFO]: Default game type: SURVIVAL
[15:37:37] [Server thread/INFO]: Generating keypair
[15:37:37] [Server thread/INFO]: Starting Minecraft server on *:25565
[15:37:38] [Server thread/INFO]: Using default channel type
[15:37:40] [Server thread/INFO]: [floodgate-bukkit] Loading floodgate-bukkit v1.0-SNAPSHOT
[15:37:41] [Server thread/INFO]: [floodgate-bukkit] Loading Floodgate linked player database...
[15:37:41] [Server thread/INFO]: [Geyser-Spigot] Loading Geyser-Spigot v1.2.0-SNAPSHOT
[15:37:41] [Server thread/INFO]: Preparing level "world"
[15:37:41] [Server thread/INFO]: -------- World Settings For [world] --------
[15:37:41] [Server thread/INFO]: Zombie Aggressive Towards Villager: true
[15:37:41] [Server thread/INFO]: Arrow Despawn Rate: 1200 Trident Respawn Rate:1200
[15:37:41] [Server thread/INFO]: Custom Map Seeds:  Village: 10387312 Desert: 14357617 Igloo: 14357618 Jungle: 14357619 Swamp: 14357620 Monument: 10387313 Ocean: 14357621 Shipwreck: 165745295 End City: 10387313 Slime: 987234911 Bastion: 30084232 Fortress: 30084232 Mansion: 10387319 Fossil: 14357921 Portal: 34222645
[15:37:41] [Server thread/INFO]: Entity Tracking Range: Pl 48 / An 48 / Mo 48 / Mi 32 / Other 64
[15:37:41] [Server thread/INFO]: Experience Merge Radius: 3.0
[15:37:41] [Server thread/INFO]: Mob Spawn Range: 6
[15:37:41] [Server thread/INFO]: Max TNT Explosions: 100
[15:37:41] [Server thread/INFO]: Entity Activation Range: An 32 / Mo 32 / Ra 48 / Mi 16 / Tiv true
[15:37:41] [Server thread/INFO]: Cactus Growth Modifier: 100%
[15:37:41] [Server thread/INFO]: Cane Growth Modifier: 100%
[15:37:41] [Server thread/INFO]: Melon Growth Modifier: 100%
[15:37:41] [Server thread/INFO]: Mushroom Growth Modifier: 100%
[15:37:41] [Server thread/INFO]: Pumpkin Growth Modifier: 100%
[15:37:41] [Server thread/INFO]: Sapling Growth Modifier: 100%
[15:37:41] [Server thread/INFO]: Beetroot Growth Modifier: 100%
[15:37:41] [Server thread/INFO]: Carrot Growth Modifier: 100%
[15:37:41] [Server thread/INFO]: Potato Growth Modifier: 100%
[15:37:41] [Server thread/INFO]: Wheat Growth Modifier: 100%
[15:37:41] [Server thread/INFO]: NetherWart Growth Modifier: 100%
[15:37:41] [Server thread/INFO]: Vine Growth Modifier: 100%
[15:37:41] [Server thread/INFO]: Cocoa Growth Modifier: 100%
[15:37:41] [Server thread/INFO]: Bamboo Growth Modifier: 100%
[15:37:41] [Server thread/INFO]: SweetBerry Growth Modifier: 100%
[15:37:41] [Server thread/INFO]: Kelp Growth Modifier: 100%
[15:37:41] [Server thread/INFO]: Hopper Transfer: 8 Hopper Check: 1 Hopper Amount: 1
[15:37:41] [Server thread/INFO]: Tile Max Tick Time: 50ms Entity max Tick Time: 50ms
[15:37:41] [Server thread/INFO]: Item Despawn Rate: 6000
[15:37:41] [Server thread/INFO]: Item Merge Radius: 2.5
[15:37:41] [Server thread/INFO]: Allow Zombie Pigmen to spawn from portal blocks: true
[15:37:41] [Server thread/INFO]: View Distance: 10
[15:37:41] [Server thread/INFO]: Nerfing mobs spawned from spawners: false
[15:37:41] [Server thread/INFO]: -------- World Settings For [world_nether] --------
[15:37:41] [Server thread/INFO]: Zombie Aggressive Towards Villager: true
[15:37:41] [Server thread/INFO]: Arrow Despawn Rate: 1200 Trident Respawn Rate:1200
[15:37:41] [Server thread/INFO]: Custom Map Seeds:  Village: 10387312 Desert: 14357617 Igloo: 14357618 Jungle: 14357619 Swamp: 14357620 Monument: 10387313 Ocean: 14357621 Shipwreck: 165745295 End City: 10387313 Slime: 987234911 Bastion: 30084232 Fortress: 30084232 Mansion: 10387319 Fossil: 14357921 Portal: 34222645
[15:37:41] [Server thread/INFO]: Entity Tracking Range: Pl 48 / An 48 / Mo 48 / Mi 32 / Other 64
[15:37:41] [Server thread/INFO]: Experience Merge Radius: 3.0
[15:37:41] [Server thread/INFO]: Mob Spawn Range: 6
[15:37:41] [Server thread/INFO]: Max TNT Explosions: 100
[15:37:41] [Server thread/INFO]: Entity Activation Range: An 32 / Mo 32 / Ra 48 / Mi 16 / Tiv true
[15:37:41] [Server thread/INFO]: Cactus Growth Modifier: 100%
[15:37:41] [Server thread/INFO]: Cane Growth Modifier: 100%
[15:37:41] [Server thread/INFO]: Melon Growth Modifier: 100%
[15:37:41] [Server thread/INFO]: Mushroom Growth Modifier: 100%
[15:37:41] [Server thread/INFO]: Pumpkin Growth Modifier: 100%
[15:37:41] [Server thread/INFO]: Sapling Growth Modifier: 100%
[15:37:41] [Server thread/INFO]: Beetroot Growth Modifier: 100%
[15:37:41] [Server thread/INFO]: Carrot Growth Modifier: 100%
[15:37:41] [Server thread/INFO]: Potato Growth Modifier: 100%
[15:37:41] [Server thread/INFO]: Wheat Growth Modifier: 100%
[15:37:41] [Server thread/INFO]: NetherWart Growth Modifier: 100%
[15:37:41] [Server thread/INFO]: Vine Growth Modifier: 100%
[15:37:41] [Server thread/INFO]: Cocoa Growth Modifier: 100%
[15:37:41] [Server thread/INFO]: Bamboo Growth Modifier: 100%
[15:37:41] [Server thread/INFO]: SweetBerry Growth Modifier: 100%
[15:37:41] [Server thread/INFO]: Kelp Growth Modifier: 100%
[15:37:41] [Server thread/INFO]: Hopper Transfer: 8 Hopper Check: 1 Hopper Amount: 1
[15:37:41] [Server thread/INFO]: Tile Max Tick Time: 50ms Entity max Tick Time: 50ms
[15:37:41] [Server thread/INFO]: Item Despawn Rate: 6000
[15:37:41] [Server thread/INFO]: Item Merge Radius: 2.5
[15:37:41] [Server thread/INFO]: Allow Zombie Pigmen to spawn from portal blocks: true
[15:37:41] [Server thread/INFO]: View Distance: 10
[15:37:41] [Server thread/INFO]: Nerfing mobs spawned from spawners: false
[15:37:42] [Server thread/INFO]: -------- World Settings For [world_the_end] --------
[15:37:42] [Server thread/INFO]: Zombie Aggressive Towards Villager: true
[15:37:42] [Server thread/INFO]: Arrow Despawn Rate: 1200 Trident Respawn Rate:1200
[15:37:42] [Server thread/INFO]: Custom Map Seeds:  Village: 10387312 Desert: 14357617 Igloo: 14357618 Jungle: 14357619 Swamp: 14357620 Monument: 10387313 Ocean: 14357621 Shipwreck: 165745295 End City: 10387313 Slime: 987234911 Bastion: 30084232 Fortress: 30084232 Mansion: 10387319 Fossil: 14357921 Portal: 34222645
[15:37:42] [Server thread/INFO]: Entity Tracking Range: Pl 48 / An 48 / Mo 48 / Mi 32 / Other 64
[15:37:42] [Server thread/INFO]: Experience Merge Radius: 3.0
[15:37:42] [Server thread/INFO]: Mob Spawn Range: 6
[15:37:42] [Server thread/INFO]: Max TNT Explosions: 100
[15:37:42] [Server thread/INFO]: Entity Activation Range: An 32 / Mo 32 / Ra 48 / Mi 16 / Tiv true
[15:37:42] [Server thread/INFO]: Cactus Growth Modifier: 100%
[15:37:42] [Server thread/INFO]: Cane Growth Modifier: 100%
[15:37:42] [Server thread/INFO]: Melon Growth Modifier: 100%
[15:37:42] [Server thread/INFO]: Mushroom Growth Modifier: 100%
[15:37:42] [Server thread/INFO]: Pumpkin Growth Modifier: 100%
[15:37:42] [Server thread/INFO]: Sapling Growth Modifier: 100%
[15:37:42] [Server thread/INFO]: Beetroot Growth Modifier: 100%
[15:37:42] [Server thread/INFO]: Carrot Growth Modifier: 100%
[15:37:42] [Server thread/INFO]: Potato Growth Modifier: 100%
[15:37:42] [Server thread/INFO]: Wheat Growth Modifier: 100%
[15:37:42] [Server thread/INFO]: NetherWart Growth Modifier: 100%
[15:37:42] [Server thread/INFO]: Vine Growth Modifier: 100%
[15:37:42] [Server thread/INFO]: Cocoa Growth Modifier: 100%
[15:37:42] [Server thread/INFO]: Bamboo Growth Modifier: 100%
[15:37:42] [Server thread/INFO]: SweetBerry Growth Modifier: 100%
[15:37:42] [Server thread/INFO]: Kelp Growth Modifier: 100%
[15:37:42] [Server thread/INFO]: Hopper Transfer: 8 Hopper Check: 1 Hopper Amount: 1
[15:37:42] [Server thread/INFO]: Tile Max Tick Time: 50ms Entity max Tick Time: 50ms
[15:37:42] [Server thread/INFO]: Item Despawn Rate: 6000
[15:37:42] [Server thread/INFO]: Item Merge Radius: 2.5
[15:37:42] [Server thread/INFO]: Allow Zombie Pigmen to spawn from portal blocks: true
[15:37:42] [Server thread/INFO]: View Distance: 10
[15:37:42] [Server thread/INFO]: Nerfing mobs spawned from spawners: false
[15:37:42] [Server thread/INFO]: Preparing start region for dimension minecraft:overworld
[15:37:43] [Server thread/INFO]: Preparing spawn area: 0%
[15:37:43] [Server thread/INFO]: Preparing spawn area: 0%
[15:37:43] [Server thread/INFO]: Preparing spawn area: 0%
[15:37:43] [Server thread/INFO]: Preparing spawn area: 0%
[15:37:44] [Server thread/INFO]: Preparing spawn area: 47%
[15:37:47] [Worker-Main-15/INFO]: Preparing spawn area: 83%
[15:37:47] [Worker-Main-11/INFO]: Preparing spawn area: 83%
[15:37:47] [Worker-Main-11/INFO]: Preparing spawn area: 83%
[15:37:47] [Worker-Main-11/INFO]: Preparing spawn area: 83%
[15:37:47] [Worker-Main-11/INFO]: Preparing spawn area: 83%
[15:37:47] [Worker-Main-11/INFO]: Preparing spawn area: 83%
[15:37:47] [Worker-Main-8/INFO]: Preparing spawn area: 83%
[15:37:48] [Worker-Main-15/INFO]: Preparing spawn area: 83%
[15:37:48] [Worker-Main-9/INFO]: Preparing spawn area: 83%
[15:37:49] [Worker-Main-8/INFO]: Preparing spawn area: 83%
[15:37:49] [Worker-Main-13/INFO]: Preparing spawn area: 83%
[15:37:50] [Worker-Main-11/INFO]: Preparing spawn area: 83%
[15:37:50] [Worker-Main-12/INFO]: Preparing spawn area: 85%
[15:37:51] [Worker-Main-11/INFO]: Preparing spawn area: 85%
[15:37:51] [Worker-Main-10/INFO]: Preparing spawn area: 88%
[15:37:52] [Server thread/INFO]: Preparing spawn area: 95%
[15:37:52] [Server thread/INFO]: Time elapsed: 10176 ms
[15:37:52] [Server thread/INFO]: Preparing start region for dimension minecraft:the_nether
[15:37:53] [Server thread/INFO]: Preparing spawn area: 0%
[15:37:53] [Server thread/INFO]: Preparing spawn area: 0%
[15:37:53] [Worker-Main-10/INFO]: Preparing spawn area: 83%
[15:37:53] [Worker-Main-11/INFO]: Preparing spawn area: 83%
[15:37:54] [Worker-Main-13/INFO]: Preparing spawn area: 83%
[15:37:54] [Worker-Main-13/INFO]: Preparing spawn area: 84%
[15:37:55] [Worker-Main-12/INFO]: Preparing spawn area: 92%
[15:37:55] [Server thread/INFO]: Time elapsed: 3362 ms
[15:37:55] [Server thread/INFO]: Preparing start region for dimension minecraft:the_end
[15:37:55] [Server thread/INFO]: Preparing spawn area: 0%
[15:37:56] [Worker-Main-15/INFO]: Preparing spawn area: 92%
[15:37:56] [Server thread/INFO]: Time elapsed: 565 ms
[15:37:56] [Server thread/INFO]: [floodgate-bukkit] Enabling floodgate-bukkit v1.0-SNAPSHOT
[15:37:56] [Server thread/INFO]: [Geyser-Spigot] Enabling Geyser-Spigot v1.2.0-SNAPSHOT
[15:37:56] [Server thread/WARN]: [Geyser-Spigot] Loaded class org.geysermc.common.PlatformType from floodgate-bukkit v1.0-SNAPSHOT which is not a depend, softdepend or loadbefore of this plugin.
[15:37:56] [Server thread/INFO]: [Geyser-Spigot] ******************************************
[15:37:56] [Server thread/INFO]: [Geyser-Spigot] 
[15:37:56] [Server thread/INFO]: [Geyser-Spigot] Loading Geyser version 1.2.0-SNAPSHOT (git-master-396d1b6)
[15:37:56] [Server thread/INFO]: [Geyser-Spigot] 
[15:37:56] [Server thread/INFO]: [Geyser-Spigot] ******************************************
[15:37:58] [Network Listener - #1/INFO]: [Geyser-Spigot] Started Geyser on 0.0.0.0:19132
[15:37:58] [Server thread/INFO]: [Geyser-Spigot] Done (2.385s)! Run /geyser help for help!
[15:37:58] [Server thread/INFO]: Server permissions file permissions.yml is empty, ignoring it
[15:37:58] [Server thread/INFO]: Done (17.165s)! For help, type "help"
[15:58:45] [Network Listener - #1/INFO]: [Geyser-Spigot] /192.168.40.207:39093 tried to connect!
[15:58:46] [Network Listener - #1/INFO]: [Geyser-Spigot] Player connected with username palmerchaun
[15:58:49] [Network Listener - #1/INFO]: [Geyser-Spigot] Attempting to login using floodgate mode... authentication will be encrypted.
[15:58:49] [Thread-30/INFO]: [Geyser-Spigot] Loaded Floodgate key!
[15:58:49] [nioEventLoopGroup-2-2/INFO]: [Geyser-Spigot] palmerchaun (logged in as: palmerchaun) has connected to remote java server on address 192.168.40.226
[15:58:49] [Netty Server IO #1/INFO]: [floodgate-bukkit] Added *palmerchaun 00000000-0000-0000-0009-01fdf40af4da
[15:58:49] [Netty Server IO #1/INFO]: UUID of player *palmerchaun is 00000000-0000-0000-0009-01fdf40af4da
[15:58:49] [nioEventLoopGroup-2-2/INFO]: [Geyser-Spigot] Registering bedrock skin for *palmerchaun (00000000-0000-0000-0009-01fdf40af4da)
[15:58:49] [nioEventLoopGroup-2-2/INFO]: [Geyser-Spigot] Unable to load bedrock skin for '*palmerchaun' as they are likely using a customised skin
[15:58:49] [Server thread/INFO]: *palmerchaun[/192.168.40.207:55669] logged in with entity id 161 at ([world]-5.5, 67.0, -9.5)
[15:58:53] [Thread-32/INFO]: [Geyser-Spigot] Spawned player at -5.5 67 -9.5
[15:59:11] [Network Listener - #1/INFO]: [Geyser-Spigot] Bedrock user with ip: /192.168.40.207 has disconnected for reason CLOSED_BY_REMOTE_PEER
[15:59:11] [nioEventLoopGroup-2-2/INFO]: [Geyser-Spigot] palmerchaun has disconnected from remote Java server on address 192.168.40.226 because of CLOSED_BY_REMOTE_PEER
[15:59:11] [Server thread/INFO]: *palmerchaun lost connection: Disconnected
[15:59:11] [Server thread/INFO]: *palmerchaun left the game
[16:26:11] [Server thread/INFO]: Stopping the server
[16:26:11] [Server thread/INFO]: Stopping server
[16:26:11] [Server thread/INFO]: [Geyser-Spigot] Disabling Geyser-Spigot v1.2.0-SNAPSHOT
[16:26:11] [Server thread/INFO]: [Geyser-Spigot] Shutting down Geyser.
[16:26:11] [Server thread/INFO]: [Geyser-Spigot] Geyser shutdown successfully.
[16:26:11] [Server thread/INFO]: [floodgate-bukkit] Disabling floodgate-bukkit v1.0-SNAPSHOT
[16:26:11] [Server thread/INFO]: Saving players
[16:26:11] [Server thread/INFO]: Saving worlds
[16:26:11] [Server thread/INFO]: Saving chunks for level 'ServerLevel[world]'/minecraft:overworld
[16:26:12] [Server thread/INFO]: ThreadedAnvilChunkStorage (world): All chunks are saved
[16:26:12] [Server thread/INFO]: Saving chunks for level 'ServerLevel[world_nether]'/minecraft:the_nether
[16:26:12] [Server thread/INFO]: ThreadedAnvilChunkStorage (DIM-1): All chunks are saved
[16:26:12] [Server thread/INFO]: Saving chunks for level 'ServerLevel[world_the_end]'/minecraft:the_end
[16:26:12] [Server thread/INFO]: ThreadedAnvilChunkStorage (DIM1): All chunks are saved
[16:26:12] [Server thread/INFO]: ThreadedAnvilChunkStorage (world): All chunks are saved
[16:26:12] [Server thread/INFO]: ThreadedAnvilChunkStorage (DIM-1): All chunks are saved
[16:26:12] [Server thread/INFO]: ThreadedAnvilChunkStorage (DIM1): All chunks are saved
